  Fishing.cpp
C:\GithubProjects\WindowProgramingTest\MyProject\Fishing.cpp(72,43): warning C4244: 'return': 'double'에서 'int'(으)로 변환하면서 데이터가 손실될 수 있습니다.
C:\GithubProjects\WindowProgramingTest\MyProject\Fishing.cpp(100,62): warning C4474: 'swprintf_s' : 서식 문자열에 전달된 인수가 너무 많습니다.
      C:\GithubProjects\WindowProgramingTest\MyProject\Fishing.cpp(100,62):
      자리 표시자 및 해당 매개 변수에는 variadic 인수가 0개 필요하지만 1개가 제공되었습니다.
  
C:\GithubProjects\WindowProgramingTest\MyProject\Fishing.cpp(115,54): warning C4474: 'swprintf_s' : 서식 문자열에 전달된 인수가 너무 많습니다.
      C:\GithubProjects\WindowProgramingTest\MyProject\Fishing.cpp(115,54):
      자리 표시자 및 해당 매개 변수에는 variadic 인수가 0개 필요하지만 1개가 제공되었습니다.
  
C:\GithubProjects\WindowProgramingTest\MyProject\Fishing.cpp(130,61): warning C4474: 'swprintf_s' : 서식 문자열에 전달된 인수가 너무 많습니다.
      C:\GithubProjects\WindowProgramingTest\MyProject\Fishing.cpp(130,61):
      자리 표시자 및 해당 매개 변수에는 variadic 인수가 0개 필요하지만 1개가 제공되었습니다.
  
C:\GithubProjects\WindowProgramingTest\MyProject\Fishing.cpp(145,75): warning C4474: 'swprintf_s' : 서식 문자열에 전달된 인수가 너무 많습니다.
      C:\GithubProjects\WindowProgramingTest\MyProject\Fishing.cpp(145,75):
      자리 표시자 및 해당 매개 변수에는 variadic 인수가 0개 필요하지만 1개가 제공되었습니다.
  
C:\GithubProjects\WindowProgramingTest\MyProject\Fishing.cpp(160,68): warning C4474: 'swprintf_s' : 서식 문자열에 전달된 인수가 너무 많습니다.
      C:\GithubProjects\WindowProgramingTest\MyProject\Fishing.cpp(160,68):
      자리 표시자 및 해당 매개 변수에는 variadic 인수가 0개 필요하지만 1개가 제공되었습니다.
  
C:\GithubProjects\WindowProgramingTest\MyProject\Fishing.cpp(241,62): warning C4474: 'swprintf_s' : 서식 문자열에 전달된 인수가 너무 많습니다.
      C:\GithubProjects\WindowProgramingTest\MyProject\Fishing.cpp(241,62):
      자리 표시자 및 해당 매개 변수에는 variadic 인수가 0개 필요하지만 1개가 제공되었습니다.
  
C:\GithubProjects\WindowProgramingTest\MyProject\Fishing.cpp(256,54): warning C4474: 'swprintf_s' : 서식 문자열에 전달된 인수가 너무 많습니다.
      C:\GithubProjects\WindowProgramingTest\MyProject\Fishing.cpp(256,54):
      자리 표시자 및 해당 매개 변수에는 variadic 인수가 0개 필요하지만 1개가 제공되었습니다.
  
C:\GithubProjects\WindowProgramingTest\MyProject\Fishing.cpp(271,61): warning C4474: 'swprintf_s' : 서식 문자열에 전달된 인수가 너무 많습니다.
      C:\GithubProjects\WindowProgramingTest\MyProject\Fishing.cpp(271,61):
      자리 표시자 및 해당 매개 변수에는 variadic 인수가 0개 필요하지만 1개가 제공되었습니다.
  
C:\GithubProjects\WindowProgramingTest\MyProject\Fishing.cpp(286,75): warning C4474: 'swprintf_s' : 서식 문자열에 전달된 인수가 너무 많습니다.
      C:\GithubProjects\WindowProgramingTest\MyProject\Fishing.cpp(286,75):
      자리 표시자 및 해당 매개 변수에는 variadic 인수가 0개 필요하지만 1개가 제공되었습니다.
  
C:\GithubProjects\WindowProgramingTest\MyProject\Fishing.cpp(301,68): warning C4474: 'swprintf_s' : 서식 문자열에 전달된 인수가 너무 많습니다.
      C:\GithubProjects\WindowProgramingTest\MyProject\Fishing.cpp(301,68):
      자리 표시자 및 해당 매개 변수에는 variadic 인수가 0개 필요하지만 1개가 제공되었습니다.
  
C:\GithubProjects\WindowProgramingTest\MyProject\Fishing.cpp(543,45): warning C4267: '인수': 'size_t'에서 'int'(으)로 변환하면서 데이터가 손실될 수 있습니다.
C:\GithubProjects\WindowProgramingTest\MyProject\Fishing.cpp(551,51): warning C4267: '인수': 'size_t'에서 'int'(으)로 변환하면서 데이터가 손실될 수 있습니다.
C:\GithubProjects\WindowProgramingTest\MyProject\Fishing.cpp(559,44): warning C4267: '인수': 'size_t'에서 'int'(으)로 변환하면서 데이터가 손실될 수 있습니다.
C:\GithubProjects\WindowProgramingTest\MyProject\Fishing.cpp(608,60): warning C4267: '인수': 'size_t'에서 'int'(으)로 변환하면서 데이터가 손실될 수 있습니다.
C:\GithubProjects\WindowProgramingTest\MyProject\Fishing.cpp(610,38): warning C4267: '인수': 'size_t'에서 'int'(으)로 변환하면서 데이터가 손실될 수 있습니다.
  코드를 생성하고 있습니다.
  1 of 12 functions ( 8.3%) were compiled, the rest were copied from previous compilation.
    0 functions were new in current compilation
    1 functions had inline decision re-evaluated but remain unchanged
  코드를 생성했습니다.
  WindowProgramming.vcxproj -> C:\GithubProjects\WindowProgramingTest\x64\Release\WindowProgramming.exe
